Flow report for control_unit
Thu May 23 14:09:27 2019
Quartus II 64-Bit Version 13.1.4 Build 182 03/12/2014 SJ Web Edition


---------------------
; Table of Contents ;
---------------------
  1. Legal Notice
  2. Flow Summary
  3. Flow Settings
  4. Flow Non-Default Global Settings
  5. Flow Elapsed Time
  6. Flow OS Summary
  7. Flow Log
  8. Flow Messages
  9. Flow Suppressed Messages



----------------
; Legal Notice ;
----------------
Copyright (C) 1991-2014 Altera Corporation
Your use of Altera Corporation's design tools, logic functions 
and other software and tools, and its AMPP partner logic 
functions, and any output files from any of the foregoing 
(including device programming or simulation files), and any 
associated documentation or information are expressly subject 
to the terms and conditions of the Altera Program License 
Subscription Agreement, Altera MegaCore Function License 
Agreement, or other applicable license agreement, including, 
without limitation, that your use is for the sole purpose of 
programming logic devices manufactured by Altera and sold by 
Altera or its authorized distributors.  Please refer to the 
applicable agreement for further details.



+---------------------------------------------------------------------------------+
; Flow Summary                                                                    ;
+------------------------------------+--------------------------------------------+
; Flow Status                        ; Successful - Thu May 23 14:09:27 2019      ;
; Quartus II 64-Bit Version          ; 13.1.4 Build 182 03/12/2014 SJ Web Edition ;
; Revision Name                      ; control_unit                               ;
; Top-level Entity Name              ; control_unit                               ;
; Family                             ; Cyclone III                                ;
; Device                             ; EP3C16F484C6                               ;
; Timing Models                      ; Final                                      ;
; Total logic elements               ; 31 / 15,408 ( < 1 % )                      ;
;     Total combinational functions  ; 31 / 15,408 ( < 1 % )                      ;
;     Dedicated logic registers      ; 10 / 15,408 ( < 1 % )                      ;
; Total registers                    ; 10                                         ;
; Total pins                         ; 21 / 347 ( 6 % )                           ;
; Total virtual pins                 ; 0                                          ;
; Total memory bits                  ; 0 / 516,096 ( 0 % )                        ;
; Embedded Multiplier 9-bit elements ; 0 / 112 ( 0 % )                            ;
; Total PLLs                         ; 0 / 4 ( 0 % )                              ;
+------------------------------------+--------------------------------------------+


+-----------------------------------------+
; Flow Settings                           ;
+-------------------+---------------------+
; Option            ; Setting             ;
+-------------------+---------------------+
; Start date & time ; 05/23/2019 14:09:12 ;
; Main task         ; Compilation         ;
; Revision Name     ; control_unit        ;
+-------------------+---------------------+


+-------------------------------------------------------------------------------------------------------------------------------+
; Flow Non-Default Global Settings                                                                                              ;
+--------------------------------------+----------------------------------------+---------------+-------------+-----------------+
; Assignment Name                      ; Value                                  ; Default Value ; Entity Name ; Section Id      ;
+--------------------------------------+----------------------------------------+---------------+-------------+-----------------+
; COMPILER_SIGNATURE_ID                ; 172309000256012.155861335216604        ; --            ; --          ; --              ;
; EDA_DESIGN_INSTANCE_NAME             ; NA                                     ; --            ; --          ; control_unit_tb ;
; EDA_NATIVELINK_SIMULATION_TEST_BENCH ; control_unit_tb                        ; --            ; --          ; eda_simulation  ;
; EDA_OUTPUT_DATA_FORMAT               ; Vhdl                                   ; --            ; --          ; eda_simulation  ;
; EDA_SIMULATION_TOOL                  ; ModelSim-Altera (VHDL)                 ; <None>        ; --          ; --              ;
; EDA_TEST_BENCH_ENABLE_STATUS         ; TEST_BENCH_MODE                        ; --            ; --          ; eda_simulation  ;
; EDA_TEST_BENCH_FILE                  ; ../../test_benches/control_unit_tb.vhd ; --            ; --          ; control_unit_tb ;
; EDA_TEST_BENCH_MODULE_NAME           ; control_unit_tb                        ; --            ; --          ; control_unit_tb ;
; EDA_TEST_BENCH_NAME                  ; control_unit_tb                        ; --            ; --          ; eda_simulation  ;
; EDA_TEST_BENCH_RUN_SIM_FOR           ; 1 us                                   ; --            ; --          ; control_unit_tb ;
; MAX_CORE_JUNCTION_TEMP               ; 85                                     ; --            ; --          ; --              ;
; MIN_CORE_JUNCTION_TEMP               ; 0                                      ; --            ; --          ; --              ;
; NOMINAL_CORE_SUPPLY_VOLTAGE          ; 1.2V                                   ; --            ; --          ; --              ;
; PARTITION_COLOR                      ; 16764057                               ; --            ; --          ; Top             ;
; PARTITION_FITTER_PRESERVATION_LEVEL  ; PLACEMENT_AND_ROUTING                  ; --            ; --          ; Top             ;
; PARTITION_NETLIST_TYPE               ; SOURCE                                 ; --            ; --          ; Top             ;
; PROJECT_OUTPUT_DIRECTORY             ; output_files                           ; --            ; --          ; --              ;
+--------------------------------------+----------------------------------------+---------------+-------------+-----------------+


+-------------------------------------------------------------------------------------------------------------------------------+
; Flow Elapsed Time                                                                                                             ;
+---------------------------+--------------+-------------------------+---------------------+------------------------------------+
; Module Name               ; Elapsed Time ; Average Processors Used ; Peak Virtual Memory ; Total CPU Time (on all processors) ;
+---------------------------+--------------+-------------------------+---------------------+------------------------------------+
; Analysis & Synthesis      ; 00:00:01     ; 1.0                     ; 4673 MB             ; 00:00:01                           ;
; Fitter                    ; 00:00:05     ; 1.0                     ; 4982 MB             ; 00:00:05                           ;
; Assembler                 ; 00:00:01     ; 1.0                     ; 4596 MB             ; 00:00:01                           ;
; TimeQuest Timing Analyzer ; 00:00:01     ; 1.0                     ; 4642 MB             ; 00:00:01                           ;
; EDA Netlist Writer        ; 00:00:00     ; 1.0                     ; 4547 MB             ; 00:00:01                           ;
; Total                     ; 00:00:08     ; --                      ; --                  ; 00:00:09                           ;
+---------------------------+--------------+-------------------------+---------------------+------------------------------------+


+----------------------------------------------------------------------------------------+
; Flow OS Summary                                                                        ;
+---------------------------+------------------+-----------+------------+----------------+
; Module Name               ; Machine Hostname ; OS Name   ; OS Version ; Processor type ;
+---------------------------+------------------+-----------+------------+----------------+
; Analysis & Synthesis      ; HSB-XPS15        ; Windows 7 ; 6.2        ; x86_64         ;
; Fitter                    ; HSB-XPS15        ; Windows 7 ; 6.2        ; x86_64         ;
; Assembler                 ; HSB-XPS15        ; Windows 7 ; 6.2        ; x86_64         ;
; TimeQuest Timing Analyzer ; HSB-XPS15        ; Windows 7 ; 6.2        ; x86_64         ;
; EDA Netlist Writer        ; HSB-XPS15        ; Windows 7 ; 6.2        ; x86_64         ;
+---------------------------+------------------+-----------+------------+----------------+


------------
; Flow Log ;
------------
quartus_map --read_settings_files=on --write_settings_files=off control_unit -c control_unit
quartus_fit --read_settings_files=off --write_settings_files=off control_unit -c control_unit
quartus_asm --read_settings_files=off --write_settings_files=off control_unit -c control_unit
quartus_sta control_unit -c control_unit
quartus_eda --read_settings_files=off --write_settings_files=off control_unit -c control_unit



