Analysis & Synthesis report for Display
Thu May 23 12:56:50 2019
Quartus II 64-Bit Version 13.1.4 Build 182 03/12/2014 SJ Web Edition


---------------------
; Table of Contents ;
---------------------
  1. Legal Notice
  2. Analysis & Synthesis Summary
  3. Analysis & Synthesis Settings
  4. Parallel Compilation
  5. Analysis & Synthesis Source Files Read
  6. Analysis & Synthesis Resource Usage Summary
  7. Analysis & Synthesis Resource Utilization by Entity
  8. State Machine - |Display_driver|I2C_display:disp|state
  9. State Machine - |Display_driver|Display_I2C_handler:inst|state
 10. Registers Removed During Synthesis
 11. Removed Registers Triggering Further Register Optimizations
 12. General Register Statistics
 13. Inverted Register Statistics
 14. Multiplexer Restructuring Statistics (Restructuring Performed)
 15. Parameter Settings for User Entity Instance: Display_I2C_handler:inst
 16. Parameter Settings for User Entity Instance: I2C_display:disp
 17. Port Connectivity Checks: "I2C_display:disp"
 18. Port Connectivity Checks: "Display_I2C_handler:inst"
 19. Elapsed Time Per Partition
 20. Analysis & Synthesis Messages



----------------
; Legal Notice ;
----------------
Copyright (C) 1991-2014 Altera Corporation
Your use of Altera Corporation's design tools, logic functions 
and other software and tools, and its AMPP partner logic 
functions, and any output files from any of the foregoing 
(including device programming or simulation files), and any 
associated documentation or information are expressly subject 
to the terms and conditions of the Altera Program License 
Subscription Agreement, Altera MegaCore Function License 
Agreement, or other applicable license agreement, including, 
without limitation, that your use is for the sole purpose of 
programming logic devices manufactured by Altera and sold by 
Altera or its authorized distributors.  Please refer to the 
applicable agreement for further details.



+---------------------------------------------------------------------------------+
; Analysis & Synthesis Summary                                                    ;
+------------------------------------+--------------------------------------------+
; Analysis & Synthesis Status        ; Successful - Thu May 23 12:56:50 2019      ;
; Quartus II 64-Bit Version          ; 13.1.4 Build 182 03/12/2014 SJ Web Edition ;
; Revision Name                      ; Display                                    ;
; Top-level Entity Name              ; Display_driver                             ;
; Family                             ; Cyclone III                                ;
; Total logic elements               ; 1,257                                      ;
;     Total combinational functions  ; 1,000                                      ;
;     Dedicated logic registers      ; 498                                        ;
; Total registers                    ; 498                                        ;
; Total pins                         ; 15                                         ;
; Total virtual pins                 ; 0                                          ;
; Total memory bits                  ; 0                                          ;
; Embedded Multiplier 9-bit elements ; 0                                          ;
; Total PLLs                         ; 0                                          ;
+------------------------------------+--------------------------------------------+


+----------------------------------------------------------------------------------------------------------------------+
; Analysis & Synthesis Settings                                                                                        ;
+----------------------------------------------------------------------------+--------------------+--------------------+
; Option                                                                     ; Setting            ; Default Value      ;
+----------------------------------------------------------------------------+--------------------+--------------------+
; Device                                                                     ; EP3C16F484C6       ;                    ;
; Top-level entity name                                                      ; Display_driver     ; Display            ;
; Family name                                                                ; Cyclone III        ; Cyclone IV GX      ;
; VHDL Show LMF Mapping Messages                                             ; Off                ;                    ;
; VHDL Version                                                               ; VHDL_2008          ; VHDL_1993          ;
; Use smart compilation                                                      ; Off                ; Off                ;
; Enable parallel Assembler and TimeQuest Timing Analyzer during compilation ; On                 ; On                 ;
; Enable compact report table                                                ; Off                ; Off                ;
; Restructure Multiplexers                                                   ; Auto               ; Auto               ;
; Create Debugging Nodes for IP Cores                                        ; Off                ; Off                ;
; Preserve fewer node names                                                  ; On                 ; On                 ;
; Disable OpenCore Plus hardware evaluation                                  ; Off                ; Off                ;
; Verilog Version                                                            ; Verilog_2001       ; Verilog_2001       ;
; State Machine Processing                                                   ; Auto               ; Auto               ;
; Safe State Machine                                                         ; Off                ; Off                ;
; Extract Verilog State Machines                                             ; On                 ; On                 ;
; Extract VHDL State Machines                                                ; On                 ; On                 ;
; Ignore Verilog initial constructs                                          ; Off                ; Off                ;
; Iteration limit for constant Verilog loops                                 ; 5000               ; 5000               ;
; Iteration limit for non-constant Verilog loops                             ; 250                ; 250                ;
; Add Pass-Through Logic to Inferred RAMs                                    ; On                 ; On                 ;
; Infer RAMs from Raw Logic                                                  ; On                 ; On                 ;
; Parallel Synthesis                                                         ; On                 ; On                 ;
; DSP Block Balancing                                                        ; Auto               ; Auto               ;
; NOT Gate Push-Back                                                         ; On                 ; On                 ;
; Power-Up Don't Care                                                        ; On                 ; On                 ;
; Remove Redundant Logic Cells                                               ; Off                ; Off                ;
; Remove Duplicate Registers                                                 ; On                 ; On                 ;
; Ignore CARRY Buffers                                                       ; Off                ; Off                ;
; Ignore CASCADE Buffers                                                     ; Off                ; Off                ;
; Ignore GLOBAL Buffers                                                      ; Off                ; Off                ;
; Ignore ROW GLOBAL Buffers                                                  ; Off                ; Off                ;
; Ignore LCELL Buffers                                                       ; Off                ; Off                ;
; Ignore SOFT Buffers                                                        ; On                 ; On                 ;
; Limit AHDL Integers to 32 Bits                                             ; Off                ; Off                ;
; Optimization Technique                                                     ; Balanced           ; Balanced           ;
; Carry Chain Length                                                         ; 70                 ; 70                 ;
; Auto Carry Chains                                                          ; On                 ; On                 ;
; Auto Open-Drain Pins                                                       ; On                 ; On                 ;
; Perform WYSIWYG Primitive Resynthesis                                      ; Off                ; Off                ;
; Auto ROM Replacement                                                       ; On                 ; On                 ;
; Auto RAM Replacement                                                       ; On                 ; On                 ;
; Auto DSP Block Replacement                                                 ; On                 ; On                 ;
; Auto Shift Register Replacement                                            ; Auto               ; Auto               ;
; Allow Shift Register Merging across Hierarchies                            ; Auto               ; Auto               ;
; Auto Clock Enable Replacement                                              ; On                 ; On                 ;
; Strict RAM Replacement                                                     ; Off                ; Off                ;
; Allow Synchronous Control Signals                                          ; On                 ; On                 ;
; Force Use of Synchronous Clear Signals                                     ; Off                ; Off                ;
; Auto RAM Block Balancing                                                   ; On                 ; On                 ;
; Auto RAM to Logic Cell Conversion                                          ; Off                ; Off                ;
; Auto Resource Sharing                                                      ; Off                ; Off                ;
; Allow Any RAM Size For Recognition                                         ; Off                ; Off                ;
; Allow Any ROM Size For Recognition                                         ; Off                ; Off                ;
; Allow Any Shift Register Size For Recognition                              ; Off                ; Off                ;
; Use LogicLock Constraints during Resource Balancing                        ; On                 ; On                 ;
; Ignore translate_off and synthesis_off directives                          ; Off                ; Off                ;
; Timing-Driven Synthesis                                                    ; On                 ; On                 ;
; Report Parameter Settings                                                  ; On                 ; On                 ;
; Report Source Assignments                                                  ; On                 ; On                 ;
; Report Connectivity Checks                                                 ; On                 ; On                 ;
; Ignore Maximum Fan-Out Assignments                                         ; Off                ; Off                ;
; Synchronization Register Chain Length                                      ; 2                  ; 2                  ;
; PowerPlay Power Optimization                                               ; Normal compilation ; Normal compilation ;
; HDL message level                                                          ; Level2             ; Level2             ;
; Suppress Register Optimization Related Messages                            ; Off                ; Off                ;
; Number of Removed Registers Reported in Synthesis Report                   ; 5000               ; 5000               ;
; Number of Swept Nodes Reported in Synthesis Report                         ; 5000               ; 5000               ;
; Number of Inverted Registers Reported in Synthesis Report                  ; 100                ; 100                ;
; Clock MUX Protection                                                       ; On                 ; On                 ;
; Auto Gated Clock Conversion                                                ; Off                ; Off                ;
; Block Design Naming                                                        ; Auto               ; Auto               ;
; SDC constraint protection                                                  ; Off                ; Off                ;
; Synthesis Effort                                                           ; Auto               ; Auto               ;
; Shift Register Replacement - Allow Asynchronous Clear Signal               ; On                 ; On                 ;
; Pre-Mapping Resynthesis Optimization                                       ; Off                ; Off                ;
; Analysis & Synthesis Message Level                                         ; Medium             ; Medium             ;
; Disable Register Merging Across Hierarchies                                ; Auto               ; Auto               ;
; Resource Aware Inference For Block RAM                                     ; On                 ; On                 ;
; Synthesis Seed                                                             ; 1                  ; 1                  ;
+----------------------------------------------------------------------------+--------------------+--------------------+


Parallel compilation was disabled, but you have multiple processors available. Enable parallel compilation to reduce compilation time.
+-------------------------------------+
; Parallel Compilation                ;
+----------------------------+--------+
; Processors                 ; Number ;
+----------------------------+--------+
; Number detected on machine ; 2      ;
; Maximum allowed            ; 1      ;
+----------------------------+--------+


+--------------------------------------------------------------------------------------------------------------------------------------------------------+
; Analysis & Synthesis Source Files Read                                                                                                                 ;
+---------------------------------------+-----------------+-----------------+------------------------------------------------------------------+---------+
; File Name with User-Entered Path      ; Used in Netlist ; File Type       ; File Name with Absolute Path                                     ; Library ;
+---------------------------------------+-----------------+-----------------+------------------------------------------------------------------+---------+
; ../../Display/I2C_display.vhd         ; yes             ; User VHDL File  ; C:/Users/thoma/Dropbox/ifttt-cpu/Display/I2C_display.vhd         ;         ;
; ../../Display/Display_I2C_handler.vhd ; yes             ; User VHDL File  ; C:/Users/thoma/Dropbox/ifttt-cpu/Display/Display_I2C_handler.vhd ;         ;
; ../../Display/Display_driver.vhd      ; yes             ; User VHDL File  ; C:/Users/thoma/Dropbox/ifttt-cpu/Display/Display_driver.vhd      ;         ;
; ../../Display/display_constants.vhd   ; yes             ; User VHDL File  ; C:/Users/thoma/Dropbox/ifttt-cpu/Display/display_constants.vhd   ;         ;
+---------------------------------------+-----------------+-----------------+------------------------------------------------------------------+---------+


+---------------------------------------------------------------+
; Analysis & Synthesis Resource Usage Summary                   ;
+---------------------------------------------+-----------------+
; Resource                                    ; Usage           ;
+---------------------------------------------+-----------------+
; Estimated Total logic elements              ; 1,257           ;
;                                             ;                 ;
; Total combinational functions               ; 1000            ;
; Logic element usage by number of LUT inputs ;                 ;
;     -- 4 input functions                    ; 642             ;
;     -- 3 input functions                    ; 136             ;
;     -- <=2 input functions                  ; 222             ;
;                                             ;                 ;
; Logic elements by mode                      ;                 ;
;     -- normal mode                          ; 760             ;
;     -- arithmetic mode                      ; 240             ;
;                                             ;                 ;
; Total registers                             ; 498             ;
;     -- Dedicated logic registers            ; 498             ;
;     -- I/O registers                        ; 0               ;
;                                             ;                 ;
; I/O pins                                    ; 15              ;
; Embedded Multiplier 9-bit elements          ; 0               ;
; Maximum fan-out node                        ; i_I2C_clk~input ;
; Maximum fan-out                             ; 498             ;
; Total fan-out                               ; 5070            ;
; Average fan-out                             ; 3.31            ;
+---------------------------------------------+-----------------+


+-----------------------------------------------------------------------------------------------------------------------------------------------------------------------------------------------------+
; Analysis & Synthesis Resource Utilization by Entity                                                                                                                                                 ;
+-------------------------------+-------------------+--------------+-------------+--------------+---------+-----------+------+--------------+------------------------------------------+--------------+
; Compilation Hierarchy Node    ; LC Combinationals ; LC Registers ; Memory Bits ; DSP Elements ; DSP 9x9 ; DSP 18x18 ; Pins ; Virtual Pins ; Full Hierarchy Name                      ; Library Name ;
+-------------------------------+-------------------+--------------+-------------+--------------+---------+-----------+------+--------------+------------------------------------------+--------------+
; |Display_driver               ; 1000 (1)          ; 498 (0)      ; 0           ; 0            ; 0       ; 0         ; 15   ; 0            ; |Display_driver                          ; work         ;
;    |Display_I2C_handler:inst| ; 87 (87)           ; 38 (38)      ; 0           ; 0            ; 0       ; 0         ; 0    ; 0            ; |Display_driver|Display_I2C_handler:inst ; work         ;
;    |I2C_display:disp|         ; 912 (912)         ; 460 (460)    ; 0           ; 0            ; 0       ; 0         ; 0    ; 0            ; |Display_driver|I2C_display:disp         ; work         ;
+-------------------------------+-------------------+--------------+-------------+--------------+---------+-----------+------+--------------+------------------------------------------+--------------+
Note: For table entries with two numbers listed, the numbers in parentheses indicate the number of resources of the given type used by the specific entity alone. The numbers listed outside of parentheses indicate the total resources of the given type used by the specific entity and all of its sub-entities in the hierarchy.


Encoding Type:  One-Hot
+---------------------------------------------------------------------------------------------------------------+
; State Machine - |Display_driver|I2C_display:disp|state                                                        ;
+------------------+-------------+----------------+------------------+------------+---------------+-------------+
; Name             ; state.reset ; state.transmit ; state.CharSelect ; state.init ; state.receive ; state.ready ;
+------------------+-------------+----------------+------------------+------------+---------------+-------------+
; state.ready      ; 0           ; 0              ; 0                ; 0          ; 0             ; 0           ;
; state.receive    ; 0           ; 0              ; 0                ; 0          ; 1             ; 1           ;
; state.init       ; 0           ; 0              ; 0                ; 1          ; 0             ; 1           ;
; state.CharSelect ; 0           ; 0              ; 1                ; 0          ; 0             ; 1           ;
; state.transmit   ; 0           ; 1              ; 0                ; 0          ; 0             ; 1           ;
; state.reset      ; 1           ; 0              ; 0                ; 0          ; 0             ; 1           ;
+------------------+-------------+----------------+------------------+------------+---------------+-------------+


Encoding Type:  One-Hot
+------------------------------------------------------------------------------------------------------------------------------------------------------+
; State Machine - |Display_driver|Display_I2C_handler:inst|state                                                                                       ;
+----------------+------------+-------------+-----------+----------------+----------------+----------------+---------------+-------------+-------------+
; Name           ; state.stop ; state.error ; state.NAK ; state.slv_ack3 ; state.slv_ack2 ; state.slv_ack1 ; state.exe_cmd ; state.start ; state.ready ;
+----------------+------------+-------------+-----------+----------------+----------------+----------------+---------------+-------------+-------------+
; state.ready    ; 0          ; 0           ; 0         ; 0              ; 0              ; 0              ; 0             ; 0           ; 0           ;
; state.start    ; 0          ; 0           ; 0         ; 0              ; 0              ; 0              ; 0             ; 1           ; 1           ;
; state.exe_cmd  ; 0          ; 0           ; 0         ; 0              ; 0              ; 0              ; 1             ; 0           ; 1           ;
; state.slv_ack1 ; 0          ; 0           ; 0         ; 0              ; 0              ; 1              ; 0             ; 0           ; 1           ;
; state.slv_ack2 ; 0          ; 0           ; 0         ; 0              ; 1              ; 0              ; 0             ; 0           ; 1           ;
; state.slv_ack3 ; 0          ; 0           ; 0         ; 1              ; 0              ; 0              ; 0             ; 0           ; 1           ;
; state.NAK      ; 0          ; 0           ; 1         ; 0              ; 0              ; 0              ; 0             ; 0           ; 1           ;
; state.error    ; 0          ; 1           ; 0         ; 0              ; 0              ; 0              ; 0             ; 0           ; 1           ;
; state.stop     ; 1          ; 0           ; 0         ; 0              ; 0              ; 0              ; 0             ; 0           ; 1           ;
+----------------+------------+-------------+-----------+----------------+----------------+----------------+---------------+-------------+-------------+


+---------------------------------------------------------------------------------+
; Registers Removed During Synthesis                                              ;
+----------------------------------------+----------------------------------------+
; Register name                          ; Reason for Removal                     ;
+----------------------------------------+----------------------------------------+
; Display_I2C_handler:inst|w_set_bit_rx  ; Lost fanout                            ;
; I2C_display:disp|o_display_data[1]     ; Stuck at GND due to stuck port data_in ;
; Display_I2C_handler:inst|state.NAK     ; Stuck at GND due to stuck port data_in ;
; I2C_display:disp|char_ptr[8..31]       ; Lost fanout                            ;
; Total Number of Removed Registers = 27 ;                                        ;
+----------------------------------------+----------------------------------------+


+--------------------------------------------------------------------------------------------------------------------+
; Removed Registers Triggering Further Register Optimizations                                                        ;
+-------------------------------+--------------------+---------------------------------------------------------------+
; Register name                 ; Reason for Removal ; Registers Removed due to This Register                        ;
+-------------------------------+--------------------+---------------------------------------------------------------+
; I2C_display:disp|char_ptr[31] ; Lost Fanouts       ; I2C_display:disp|char_ptr[30], I2C_display:disp|char_ptr[29], ;
;                               ;                    ; I2C_display:disp|char_ptr[28], I2C_display:disp|char_ptr[27], ;
;                               ;                    ; I2C_display:disp|char_ptr[26], I2C_display:disp|char_ptr[25], ;
;                               ;                    ; I2C_display:disp|char_ptr[24], I2C_display:disp|char_ptr[23], ;
;                               ;                    ; I2C_display:disp|char_ptr[22], I2C_display:disp|char_ptr[21], ;
;                               ;                    ; I2C_display:disp|char_ptr[20], I2C_display:disp|char_ptr[19], ;
;                               ;                    ; I2C_display:disp|char_ptr[18], I2C_display:disp|char_ptr[17], ;
;                               ;                    ; I2C_display:disp|char_ptr[16], I2C_display:disp|char_ptr[15], ;
;                               ;                    ; I2C_display:disp|char_ptr[14], I2C_display:disp|char_ptr[13], ;
;                               ;                    ; I2C_display:disp|char_ptr[12], I2C_display:disp|char_ptr[11], ;
;                               ;                    ; I2C_display:disp|char_ptr[10], I2C_display:disp|char_ptr[9],  ;
;                               ;                    ; I2C_display:disp|char_ptr[8]                                  ;
+-------------------------------+--------------------+---------------------------------------------------------------+


+------------------------------------------------------+
; General Register Statistics                          ;
+----------------------------------------------+-------+
; Statistic                                    ; Value ;
+----------------------------------------------+-------+
; Total registers                              ; 498   ;
; Number of registers using Synchronous Clear  ; 141   ;
; Number of registers using Synchronous Load   ; 4     ;
; Number of registers using Asynchronous Clear ; 27    ;
; Number of registers using Asynchronous Load  ; 0     ;
; Number of registers using Clock Enable       ; 469   ;
; Number of registers using Preset             ; 0     ;
+----------------------------------------------+-------+


+------------------------------------------------------+
; Inverted Register Statistics                         ;
+--------------------------------------------+---------+
; Inverted Register                          ; Fan out ;
+--------------------------------------------+---------+
; I2C_display:disp|o_display_reset           ; 31      ;
; Display_I2C_handler:inst|o_I2C_sda_txrx    ; 2       ;
; I2C_display:disp|o_display_ready           ; 3       ;
; Display_I2C_handler:inst|w_data_bit_cnt[2] ; 4       ;
; Display_I2C_handler:inst|w_data_bit_cnt[1] ; 10      ;
; Display_I2C_handler:inst|w_data_bit_cnt[0] ; 9       ;
; Display_I2C_handler:inst|w_busy            ; 13      ;
; Total number of inverted registers = 7     ;         ;
+--------------------------------------------+---------+


+-----------------------------------------------------------------------------------------------------------------------------------------------------------------------+
; Multiplexer Restructuring Statistics (Restructuring Performed)                                                                                                        ;
+--------------------+-----------+---------------+----------------------+------------------------+------------+---------------------------------------------------------+
; Multiplexer Inputs ; Bus Width ; Baseline Area ; Area if Restructured ; Saving if Restructured ; Registered ; Example Multiplexer Output                              ;
+--------------------+-----------+---------------+----------------------+------------------------+------------+---------------------------------------------------------+
; 4:1                ; 32 bits   ; 64 LEs        ; 32 LEs               ; 32 LEs                 ; Yes        ; |Display_driver|I2C_display:disp|init_ptr[10]           ;
; 5:1                ; 9 bits    ; 27 LEs        ; 9 LEs                ; 18 LEs                 ; Yes        ; |Display_driver|I2C_display:disp|delay_cnt[7]           ;
; 6:1                ; 32 bits   ; 128 LEs       ; 32 LEs               ; 96 LEs                 ; Yes        ; |Display_driver|I2C_display:disp|trans_cnt[24]          ;
; 7:1                ; 32 bits   ; 128 LEs       ; 32 LEs               ; 96 LEs                 ; Yes        ; |Display_driver|I2C_display:disp|print_ptr[14]          ;
; 7:1                ; 32 bits   ; 128 LEs       ; 32 LEs               ; 96 LEs                 ; Yes        ; |Display_driver|I2C_display:disp|read_cnt[30]           ;
; 8:1                ; 6 bits    ; 30 LEs        ; 12 LEs               ; 18 LEs                 ; Yes        ; |Display_driver|I2C_display:disp|char_ptr[5]            ;
; 8:1                ; 6 bits    ; 30 LEs        ; 12 LEs               ; 18 LEs                 ; Yes        ; |Display_driver|I2C_display:disp|o_display_data[3]      ;
; 7:1                ; 8 bits    ; 32 LEs        ; 16 LEs               ; 16 LEs                 ; Yes        ; |Display_driver|Display_I2C_handler:inst|w_data_txrx[2] ;
; 12:1               ; 32 bits   ; 256 LEs       ; 64 LEs               ; 192 LEs                ; Yes        ; |Display_driver|I2C_display:disp|buffer_ptr[28]         ;
; 11:1               ; 8 bits    ; 56 LEs        ; 8 LEs                ; 48 LEs                 ; Yes        ; |Display_driver|I2C_display:disp|r_buffer[32][5]        ;
; 11:1               ; 8 bits    ; 56 LEs        ; 8 LEs                ; 48 LEs                 ; Yes        ; |Display_driver|I2C_display:disp|r_buffer[31][4]        ;
; 11:1               ; 8 bits    ; 56 LEs        ; 8 LEs                ; 48 LEs                 ; Yes        ; |Display_driver|I2C_display:disp|r_buffer[30][3]        ;
; 11:1               ; 8 bits    ; 56 LEs        ; 8 LEs                ; 48 LEs                 ; Yes        ; |Display_driver|I2C_display:disp|r_buffer[29][3]        ;
; 11:1               ; 8 bits    ; 56 LEs        ; 8 LEs                ; 48 LEs                 ; Yes        ; |Display_driver|I2C_display:disp|r_buffer[28][3]        ;
; 11:1               ; 8 bits    ; 56 LEs        ; 8 LEs                ; 48 LEs                 ; Yes        ; |Display_driver|I2C_display:disp|r_buffer[27][6]        ;
; 11:1               ; 8 bits    ; 56 LEs        ; 8 LEs                ; 48 LEs                 ; Yes        ; |Display_driver|I2C_display:disp|r_buffer[26][7]        ;
; 11:1               ; 8 bits    ; 56 LEs        ; 8 LEs                ; 48 LEs                 ; Yes        ; |Display_driver|I2C_display:disp|r_buffer[25][3]        ;
; 11:1               ; 8 bits    ; 56 LEs        ; 8 LEs                ; 48 LEs                 ; Yes        ; |Display_driver|I2C_display:disp|r_buffer[24][3]        ;
; 11:1               ; 8 bits    ; 56 LEs        ; 8 LEs                ; 48 LEs                 ; Yes        ; |Display_driver|I2C_display:disp|r_buffer[23][6]        ;
; 11:1               ; 8 bits    ; 56 LEs        ; 8 LEs                ; 48 LEs                 ; Yes        ; |Display_driver|I2C_display:disp|r_buffer[22][7]        ;
; 11:1               ; 8 bits    ; 56 LEs        ; 8 LEs                ; 48 LEs                 ; Yes        ; |Display_driver|I2C_display:disp|r_buffer[21][7]        ;
; 11:1               ; 8 bits    ; 56 LEs        ; 8 LEs                ; 48 LEs                 ; Yes        ; |Display_driver|I2C_display:disp|r_buffer[20][7]        ;
; 11:1               ; 8 bits    ; 56 LEs        ; 8 LEs                ; 48 LEs                 ; Yes        ; |Display_driver|I2C_display:disp|r_buffer[19][7]        ;
; 11:1               ; 8 bits    ; 56 LEs        ; 8 LEs                ; 48 LEs                 ; Yes        ; |Display_driver|I2C_display:disp|r_buffer[18][4]        ;
; 11:1               ; 8 bits    ; 56 LEs        ; 8 LEs                ; 48 LEs                 ; Yes        ; |Display_driver|I2C_display:disp|r_buffer[17][5]        ;
; 11:1               ; 8 bits    ; 56 LEs        ; 8 LEs                ; 48 LEs                 ; Yes        ; |Display_driver|I2C_display:disp|r_buffer[16][6]        ;
; 11:1               ; 8 bits    ; 56 LEs        ; 8 LEs                ; 48 LEs                 ; Yes        ; |Display_driver|I2C_display:disp|r_buffer[15][3]        ;
; 11:1               ; 8 bits    ; 56 LEs        ; 8 LEs                ; 48 LEs                 ; Yes        ; |Display_driver|I2C_display:disp|r_buffer[14][2]        ;
; 11:1               ; 8 bits    ; 56 LEs        ; 8 LEs                ; 48 LEs                 ; Yes        ; |Display_driver|I2C_display:disp|r_buffer[13][0]        ;
; 11:1               ; 8 bits    ; 56 LEs        ; 8 LEs                ; 48 LEs                 ; Yes        ; |Display_driver|I2C_display:disp|r_buffer[12][7]        ;
; 11:1               ; 8 bits    ; 56 LEs        ; 8 LEs                ; 48 LEs                 ; Yes        ; |Display_driver|I2C_display:disp|r_buffer[11][3]        ;
; 11:1               ; 8 bits    ; 56 LEs        ; 8 LEs                ; 48 LEs                 ; Yes        ; |Display_driver|I2C_display:disp|r_buffer[10][3]        ;
; 11:1               ; 8 bits    ; 56 LEs        ; 8 LEs                ; 48 LEs                 ; Yes        ; |Display_driver|I2C_display:disp|r_buffer[9][3]         ;
; 11:1               ; 8 bits    ; 56 LEs        ; 8 LEs                ; 48 LEs                 ; Yes        ; |Display_driver|I2C_display:disp|r_buffer[8][5]         ;
; 11:1               ; 8 bits    ; 56 LEs        ; 8 LEs                ; 48 LEs                 ; Yes        ; |Display_driver|I2C_display:disp|r_buffer[7][3]         ;
; 11:1               ; 8 bits    ; 56 LEs        ; 8 LEs                ; 48 LEs                 ; Yes        ; |Display_driver|I2C_display:disp|r_buffer[6][3]         ;
; 11:1               ; 8 bits    ; 56 LEs        ; 8 LEs                ; 48 LEs                 ; Yes        ; |Display_driver|I2C_display:disp|r_buffer[5][3]         ;
; 11:1               ; 8 bits    ; 56 LEs        ; 8 LEs                ; 48 LEs                 ; Yes        ; |Display_driver|I2C_display:disp|r_buffer[4][6]         ;
; 11:1               ; 8 bits    ; 56 LEs        ; 8 LEs                ; 48 LEs                 ; Yes        ; |Display_driver|I2C_display:disp|r_buffer[3][3]         ;
; 11:1               ; 8 bits    ; 56 LEs        ; 8 LEs                ; 48 LEs                 ; Yes        ; |Display_driver|I2C_display:disp|r_buffer[2][6]         ;
; 11:1               ; 8 bits    ; 56 LEs        ; 8 LEs                ; 48 LEs                 ; Yes        ; |Display_driver|I2C_display:disp|r_buffer[1][4]         ;
; 11:1               ; 8 bits    ; 56 LEs        ; 8 LEs                ; 48 LEs                 ; Yes        ; |Display_driver|I2C_display:disp|r_buffer[0][0]         ;
; 3:1                ; 2 bits    ; 4 LEs         ; 2 LEs                ; 2 LEs                  ; No         ; |Display_driver|Display_I2C_handler:inst|state          ;
; 5:1                ; 26 bits   ; 78 LEs        ; 52 LEs               ; 26 LEs                 ; No         ; |Display_driver|I2C_display:disp|char_ptr               ;
; 5:1                ; 6 bits    ; 18 LEs        ; 12 LEs               ; 6 LEs                  ; No         ; |Display_driver|Display_I2C_handler:inst|state          ;
; 33:1               ; 8 bits    ; 176 LEs       ; 176 LEs              ; 0 LEs                  ; No         ; |Display_driver|I2C_display:disp|Mux14                  ;
; 33:1               ; 8 bits    ; 176 LEs       ; 176 LEs              ; 0 LEs                  ; No         ; |Display_driver|I2C_display:disp|Mux7                   ;
+--------------------+-----------+---------------+----------------------+------------------------+------------+---------------------------------------------------------+


+-----------------------------------------------------------------------+
; Parameter Settings for User Entity Instance: Display_I2C_handler:inst ;
+----------------+----------+-------------------------------------------+
; Parameter Name ; Value    ; Type                                      ;
+----------------+----------+-------------------------------------------+
; input_clk      ; 50000000 ; Signed Integer                            ;
; bus_clk        ; 100000   ; Signed Integer                            ;
+----------------+----------+-------------------------------------------+
Note: In order to hide this table in the UI and the text report file, please set the "Show Parameter Settings in Synthesis Report" option in "Analysis and Synthesis Settings -> More Settings" to "Off".


+---------------------------------------------------------------+
; Parameter Settings for User Entity Instance: I2C_display:disp ;
+----------------+----------+-----------------------------------+
; Parameter Name ; Value    ; Type                              ;
+----------------+----------+-----------------------------------+
; char_scalar    ; 4        ; Signed Integer                    ;
; input_clk      ; 50000000 ; Signed Integer                    ;
; trigger_clk    ; 100000   ; Signed Integer                    ;
+----------------+----------+-----------------------------------+
Note: In order to hide this table in the UI and the text report file, please set the "Show Parameter Settings in Synthesis Report" option in "Analysis and Synthesis Settings -> More Settings" to "Off".


+----------------------------------------------------+
; Port Connectivity Checks: "I2C_display:disp"       ;
+------------------+-------+----------+--------------+
; Port             ; Type  ; Severity ; Details      ;
+------------------+-------+----------+--------------+
; i_display_enable ; Input ; Info     ; Stuck at VCC ;
+------------------+-------+----------+--------------+


+----------------------------------------------------------------------------------------------------------------------------+
; Port Connectivity Checks: "Display_I2C_handler:inst"                                                                       ;
+------------------+--------+----------+-------------------------------------------------------------------------------------+
; Port             ; Type   ; Severity ; Details                                                                             ;
+------------------+--------+----------+-------------------------------------------------------------------------------------+
; i_i2c_addr[2..0] ; Input  ; Info     ; Stuck at VCC                                                                        ;
; i_i2c_addr[4..3] ; Input  ; Info     ; Stuck at GND                                                                        ;
; i_i2c_addr[6]    ; Input  ; Info     ; Stuck at GND                                                                        ;
; i_i2c_addr[5]    ; Input  ; Info     ; Stuck at VCC                                                                        ;
; i_i2c_rw         ; Input  ; Info     ; Stuck at GND                                                                        ;
; i_i2c_reg_tx     ; Input  ; Info     ; Stuck at GND                                                                        ;
; o_i2c_data_rx    ; Output ; Info     ; Connected to dangling logic. Logic that only feeds a dangling port will be removed. ;
+------------------+--------+----------+-------------------------------------------------------------------------------------+


+-------------------------------+
; Elapsed Time Per Partition    ;
+----------------+--------------+
; Partition Name ; Elapsed Time ;
+----------------+--------------+
; Top            ; 00:00:13     ;
+----------------+--------------+


+-------------------------------+
; Analysis & Synthesis Messages ;
+-------------------------------+
Info: *******************************************************************
Info: Running Quartus II 64-Bit Analysis & Synthesis
    Info: Version 13.1.4 Build 182 03/12/2014 SJ Web Edition
    Info: Processing started: Thu May 23 12:56:26 2019
Info: Command: quartus_map --read_settings_files=on --write_settings_files=off Display -c Display
Warning (20028): Parallel compilation is not licensed and has been disabled
Info (12021): Found 2 design units, including 1 entities, in source file /users/thoma/dropbox/ifttt-cpu/display/i2c_display.vhd
    Info (12022): Found design unit 1: I2C_display-rtl
    Info (12023): Found entity 1: I2C_display
Info (12021): Found 2 design units, including 1 entities, in source file /users/thoma/dropbox/ifttt-cpu/display/display_i2c_handler.vhd
    Info (12022): Found design unit 1: Display_I2C_handler-rtl
    Info (12023): Found entity 1: Display_I2C_handler
Info (12021): Found 2 design units, including 1 entities, in source file /users/thoma/dropbox/ifttt-cpu/display/display_driver.vhd
    Info (12022): Found design unit 1: Display_driver-behaviour
    Info (12023): Found entity 1: Display_driver
Info (12021): Found 2 design units, including 0 entities, in source file /users/thoma/dropbox/ifttt-cpu/display/display_constants.vhd
    Info (12022): Found design unit 1: display_constants
    Info (12022): Found design unit 2: display_constants-body
Info (12127): Elaborating entity "Display_driver" for the top level hierarchy
Info (12128): Elaborating entity "Display_I2C_handler" for hierarchy "Display_I2C_handler:inst"
Info (12128): Elaborating entity "I2C_display" for hierarchy "I2C_display:disp"
Info (276014): Found 1 instances of uninferred RAM logic
    Info (276004): RAM logic "I2C_display:disp|r_init" is uninferred due to inappropriate RAM size
Warning (113028): 4 out of 32 addresses are uninitialized. The Quartus II software will initialize them to "0". There are 1 warnings found, and 1 warnings are reported.
    Warning (113027): Addresses ranging from 28 to 31 are not initialized
Warning (113028): 92 out of 256 addresses are uninitialized. The Quartus II software will initialize them to "0". There are 1 warnings found, and 1 warnings are reported.
    Warning (113027): Addresses ranging from 164 to 255 are not initialized
Info (13000): Registers with preset signals will power-up high
Info (13003): DEV_CLRn pin will set, and not reset, register with preset signal due to NOT Gate Push-Back
Info (286030): Timing-Driven Synthesis is running
Info (17049): 25 registers lost all their fanouts during netlist optimizations.
Info (16010): Generating hard_block partition "hard_block:auto_generated_inst"
    Info (16011): Adding 0 node(s), including 0 DDIO, 0 PLL, 0 transceiver and 0 LCELL
Warning (21074): Design contains 1 input pin(s) that do not drive logic
    Warning (15610): No output dependent on input pin "i_I2C_display_enable"
Info (21057): Implemented 1289 device resources after synthesis - the final resource count might be different
    Info (21058): Implemented 12 input pins
    Info (21059): Implemented 1 output pins
    Info (21060): Implemented 2 bidirectional pins
    Info (21061): Implemented 1274 logic cells
Info: Quartus II 64-Bit Analysis & Synthesis was successful. 0 errors, 7 warnings
    Info: Peak virtual memory: 4682 megabytes
    Info: Processing ended: Thu May 23 12:56:50 2019
    Info: Elapsed time: 00:00:24
    Info: Total CPU time (on all processors): 00:00:12


