Flow report for cpu_core
Tue May 28 10:08:50 2019
Quartus II 64-Bit Version 13.1.4 Build 182 03/12/2014 SJ Web Edition


---------------------
; Table of Contents ;
---------------------
  1. Legal Notice
  2. Flow Summary
  3. Flow Settings
  4. Flow Non-Default Global Settings
  5. Flow Elapsed Time
  6. Flow OS Summary
  7. Flow Log
  8. Flow Messages
  9. Flow Suppressed Messages



----------------
; Legal Notice ;
----------------
Copyright (C) 1991-2014 Altera Corporation
Your use of Altera Corporation's design tools, logic functions 
and other software and tools, and its AMPP partner logic 
functions, and any output files from any of the foregoing 
(including device programming or simulation files), and any 
associated documentation or information are expressly subject 
to the terms and conditions of the Altera Program License 
Subscription Agreement, Altera MegaCore Function License 
Agreement, or other applicable license agreement, including, 
without limitation, that your use is for the sole purpose of 
programming logic devices manufactured by Altera and sold by 
Altera or its authorized distributors.  Please refer to the 
applicable agreement for further details.



+---------------------------------------------------------------------------------+
; Flow Summary                                                                    ;
+------------------------------------+--------------------------------------------+
; Flow Status                        ; Successful - Tue May 28 10:08:50 2019      ;
; Quartus II 64-Bit Version          ; 13.1.4 Build 182 03/12/2014 SJ Web Edition ;
; Revision Name                      ; cpu_core                                   ;
; Top-level Entity Name              ; cpu_core                                   ;
; Family                             ; Cyclone III                                ;
; Device                             ; EP3C16F256C6                               ;
; Timing Models                      ; Final                                      ;
; Total logic elements               ; 1,018 / 15,408 ( 7 % )                     ;
;     Total combinational functions  ; 853 / 15,408 ( 6 % )                       ;
;     Dedicated logic registers      ; 537 / 15,408 ( 3 % )                       ;
; Total registers                    ; 537                                        ;
; Total pins                         ; 72 / 169 ( 43 % )                          ;
; Total virtual pins                 ; 0                                          ;
; Total memory bits                  ; 40,960 / 516,096 ( 8 % )                   ;
; Embedded Multiplier 9-bit elements ; 0 / 112 ( 0 % )                            ;
; Total PLLs                         ; 0 / 4 ( 0 % )                              ;
+------------------------------------+--------------------------------------------+


+-----------------------------------------+
; Flow Settings                           ;
+-------------------+---------------------+
; Option            ; Setting             ;
+-------------------+---------------------+
; Start date & time ; 05/28/2019 10:08:19 ;
; Main task         ; Compilation         ;
; Revision Name     ; cpu_core            ;
+-------------------+---------------------+


+------------------------------------------------------------------------------------------------------------------------------+
; Flow Non-Default Global Settings                                                                                             ;
+---------------------------------------+---------------------------------------+---------------+-------------+----------------+
; Assignment Name                       ; Value                                 ; Default Value ; Entity Name ; Section Id     ;
+---------------------------------------+---------------------------------------+---------------+-------------+----------------+
; COMPILER_SIGNATURE_ID                 ; 172309000256012.155903089929036       ; --            ; --          ; --             ;
; EDA_DESIGN_INSTANCE_NAME              ; NA                                    ; --            ; --          ; cpu_core_tb    ;
; EDA_NATIVELINK_SIMULATION_TEST_BENCH  ; cpu_core_tb                           ; --            ; --          ; eda_simulation ;
; EDA_OUTPUT_DATA_FORMAT                ; Vhdl                                  ; --            ; --          ; eda_simulation ;
; EDA_SIMULATION_TOOL                   ; ModelSim-Altera (VHDL)                ; <None>        ; --          ; --             ;
; EDA_TEST_BENCH_ENABLE_STATUS          ; TEST_BENCH_MODE                       ; --            ; --          ; eda_simulation ;
; EDA_TEST_BENCH_FILE                   ; ../../test_benches/cpu_core_tb.vhd    ; --            ; --          ; cpu_core_tb    ;
; EDA_TEST_BENCH_MODULE_NAME            ; cpu_core_tb                           ; --            ; --          ; cpu_core_tb    ;
; EDA_TEST_BENCH_NAME                   ; cpu_core_tb                           ; --            ; --          ; eda_simulation ;
; EDA_TEST_BENCH_RUN_SIM_FOR            ; 100 ns                                ; --            ; --          ; cpu_core_tb    ;
; ENABLE_DRC_SETTINGS                   ; On                                    ; Off           ; --          ; --             ;
; IP_TOOL_NAME                          ; ROM: 1-PORT                           ; --            ; --          ; --             ;
; IP_TOOL_NAME                          ; ROM: 1-PORT                           ; --            ; --          ; --             ;
; IP_TOOL_VERSION                       ; 13.1                                  ; --            ; --          ; --             ;
; IP_TOOL_VERSION                       ; 13.1                                  ; --            ; --          ; --             ;
; MAX_CORE_JUNCTION_TEMP                ; 85                                    ; --            ; --          ; --             ;
; MIN_CORE_JUNCTION_TEMP                ; 0                                     ; --            ; --          ; --             ;
; MISC_FILE                             ; program_memory_mega_inst.vhd          ; --            ; --          ; --             ;
; MISC_FILE                             ; program_memory_mega.cmp               ; --            ; --          ; --             ;
; MISC_FILE                             ; mega_prog_mem_inst.vhd                ; --            ; --          ; --             ;
; MISC_FILE                             ; mega_prog_mem.cmp                     ; --            ; --          ; --             ;
; NOMINAL_CORE_SUPPLY_VOLTAGE           ; 1.2V                                  ; --            ; --          ; --             ;
; PARTITION_COLOR                       ; 16764057                              ; --            ; --          ; Top            ;
; PARTITION_FITTER_PRESERVATION_LEVEL   ; PLACEMENT_AND_ROUTING                 ; --            ; --          ; Top            ;
; PARTITION_NETLIST_TYPE                ; SOURCE                                ; --            ; --          ; Top            ;
; POWER_BOARD_THERMAL_MODEL             ; None (CONSERVATIVE)                   ; --            ; --          ; --             ;
; POWER_PRESET_COOLING_SOLUTION         ; 23 MM HEAT SINK WITH 200 LFPM AIRFLOW ; --            ; --          ; --             ;
; PROJECT_OUTPUT_DIRECTORY              ; output_files                          ; --            ; --          ; --             ;
; SMART_RECOMPILE                       ; On                                    ; Off           ; --          ; --             ;
; SYNCHRONIZATION_REGISTER_CHAIN_LENGTH ; 3                                     ; 2             ; --          ; --             ;
+---------------------------------------+---------------------------------------+---------------+-------------+----------------+


+-------------------------------------------------------------------------------------------------------------------------------+
; Flow Elapsed Time                                                                                                             ;
+---------------------------+--------------+-------------------------+---------------------+------------------------------------+
; Module Name               ; Elapsed Time ; Average Processors Used ; Peak Virtual Memory ; Total CPU Time (on all processors) ;
+---------------------------+--------------+-------------------------+---------------------+------------------------------------+
; Analysis & Synthesis      ; 00:00:06     ; 1.0                     ; 4703 MB             ; 00:00:04                           ;
; Fitter                    ; 00:00:12     ; 1.0                     ; 4998 MB             ; 00:00:10                           ;
; Assembler                 ; 00:00:01     ; 1.0                     ; 4606 MB             ; 00:00:01                           ;
; TimeQuest Timing Analyzer ; 00:00:03     ; 1.0                     ; 4649 MB             ; 00:00:02                           ;
; Design Assistant          ; 00:00:01     ; 1.0                     ; 4574 MB             ; 00:00:01                           ;
; EDA Netlist Writer        ; 00:00:02     ; 1.0                     ; 4573 MB             ; 00:00:01                           ;
; Total                     ; 00:00:25     ; --                      ; --                  ; 00:00:19                           ;
+---------------------------+--------------+-------------------------+---------------------+------------------------------------+


+----------------------------------------------------------------------------------------+
; Flow OS Summary                                                                        ;
+---------------------------+------------------+-----------+------------+----------------+
; Module Name               ; Machine Hostname ; OS Name   ; OS Version ; Processor type ;
+---------------------------+------------------+-----------+------------+----------------+
; Analysis & Synthesis      ; HSB-XPS15        ; Windows 7 ; 6.2        ; x86_64         ;
; Fitter                    ; HSB-XPS15        ; Windows 7 ; 6.2        ; x86_64         ;
; Assembler                 ; HSB-XPS15        ; Windows 7 ; 6.2        ; x86_64         ;
; TimeQuest Timing Analyzer ; HSB-XPS15        ; Windows 7 ; 6.2        ; x86_64         ;
; Design Assistant          ; HSB-XPS15        ; Windows 7 ; 6.2        ; x86_64         ;
; EDA Netlist Writer        ; HSB-XPS15        ; Windows 7 ; 6.2        ; x86_64         ;
+---------------------------+------------------+-----------+------------+----------------+


------------
; Flow Log ;
------------
quartus_map --read_settings_files=on --write_settings_files=off cpu_core -c cpu_core
quartus_fit --read_settings_files=off --write_settings_files=off cpu_core -c cpu_core
quartus_asm --read_settings_files=off --write_settings_files=off cpu_core -c cpu_core
quartus_sta cpu_core -c cpu_core
quartus_drc --read_settings_files=off --write_settings_files=off cpu_core -c cpu_core
quartus_eda --read_settings_files=off --write_settings_files=off cpu_core -c cpu_core



