Analysis & Synthesis report for cpu_core
Mon Apr 15 16:19:27 2019
Quartus II 64-Bit Version 13.1.4 Build 182 03/12/2014 SJ Web Edition


---------------------
; Table of Contents ;
---------------------
  1. Legal Notice
  2. Analysis & Synthesis Summary
  3. Analysis & Synthesis Settings
  4. Parallel Compilation
  5. Analysis & Synthesis Source Files Read
  6. Analysis & Synthesis Resource Usage Summary
  7. Analysis & Synthesis Resource Utilization by Entity
  8. General Register Statistics
  9. Port Connectivity Checks: "branch_control:INST_branch_control"
 10. Port Connectivity Checks: "control_unit:INST_control_unit"
 11. Port Connectivity Checks: "instruction_decoder:INST_instruction_decoder"
 12. Elapsed Time Per Partition
 13. Analysis & Synthesis Messages



----------------
; Legal Notice ;
----------------
Copyright (C) 1991-2014 Altera Corporation
Your use of Altera Corporation's design tools, logic functions 
and other software and tools, and its AMPP partner logic 
functions, and any output files from any of the foregoing 
(including device programming or simulation files), and any 
associated documentation or information are expressly subject 
to the terms and conditions of the Altera Program License 
Subscription Agreement, Altera MegaCore Function License 
Agreement, or other applicable license agreement, including, 
without limitation, that your use is for the sole purpose of 
programming logic devices manufactured by Altera and sold by 
Altera or its authorized distributors.  Please refer to the 
applicable agreement for further details.



+---------------------------------------------------------------------------------+
; Analysis & Synthesis Summary                                                    ;
+------------------------------------+--------------------------------------------+
; Analysis & Synthesis Status        ; Successful - Mon Apr 15 16:19:27 2019      ;
; Quartus II 64-Bit Version          ; 13.1.4 Build 182 03/12/2014 SJ Web Edition ;
; Revision Name                      ; cpu_core                                   ;
; Top-level Entity Name              ; cpu_core                                   ;
; Family                             ; Cyclone III                                ;
; Total logic elements               ; 0                                          ;
;     Total combinational functions  ; 0                                          ;
;     Dedicated logic registers      ; 0                                          ;
; Total registers                    ; 0                                          ;
; Total pins                         ; 11                                         ;
; Total virtual pins                 ; 0                                          ;
; Total memory bits                  ; 0                                          ;
; Embedded Multiplier 9-bit elements ; 0                                          ;
; Total PLLs                         ; 0                                          ;
+------------------------------------+--------------------------------------------+


+----------------------------------------------------------------------------------------------------------------------+
; Analysis & Synthesis Settings                                                                                        ;
+----------------------------------------------------------------------------+--------------------+--------------------+
; Option                                                                     ; Setting            ; Default Value      ;
+----------------------------------------------------------------------------+--------------------+--------------------+
; Device                                                                     ; EP3C16F256C6       ;                    ;
; Top-level entity name                                                      ; cpu_core           ; cpu_core           ;
; Family name                                                                ; Cyclone III        ; Cyclone IV GX      ;
; Use smart compilation                                                      ; Off                ; Off                ;
; Enable parallel Assembler and TimeQuest Timing Analyzer during compilation ; On                 ; On                 ;
; Enable compact report table                                                ; Off                ; Off                ;
; Restructure Multiplexers                                                   ; Auto               ; Auto               ;
; Create Debugging Nodes for IP Cores                                        ; Off                ; Off                ;
; Preserve fewer node names                                                  ; On                 ; On                 ;
; Disable OpenCore Plus hardware evaluation                                  ; Off                ; Off                ;
; Verilog Version                                                            ; Verilog_2001       ; Verilog_2001       ;
; VHDL Version                                                               ; VHDL_1993          ; VHDL_1993          ;
; State Machine Processing                                                   ; Auto               ; Auto               ;
; Safe State Machine                                                         ; Off                ; Off                ;
; Extract Verilog State Machines                                             ; On                 ; On                 ;
; Extract VHDL State Machines                                                ; On                 ; On                 ;
; Ignore Verilog initial constructs                                          ; Off                ; Off                ;
; Iteration limit for constant Verilog loops                                 ; 5000               ; 5000               ;
; Iteration limit for non-constant Verilog loops                             ; 250                ; 250                ;
; Add Pass-Through Logic to Inferred RAMs                                    ; On                 ; On                 ;
; Infer RAMs from Raw Logic                                                  ; On                 ; On                 ;
; Parallel Synthesis                                                         ; On                 ; On                 ;
; DSP Block Balancing                                                        ; Auto               ; Auto               ;
; NOT Gate Push-Back                                                         ; On                 ; On                 ;
; Power-Up Don't Care                                                        ; On                 ; On                 ;
; Remove Redundant Logic Cells                                               ; Off                ; Off                ;
; Remove Duplicate Registers                                                 ; On                 ; On                 ;
; Ignore CARRY Buffers                                                       ; Off                ; Off                ;
; Ignore CASCADE Buffers                                                     ; Off                ; Off                ;
; Ignore GLOBAL Buffers                                                      ; Off                ; Off                ;
; Ignore ROW GLOBAL Buffers                                                  ; Off                ; Off                ;
; Ignore LCELL Buffers                                                       ; Off                ; Off                ;
; Ignore SOFT Buffers                                                        ; On                 ; On                 ;
; Limit AHDL Integers to 32 Bits                                             ; Off                ; Off                ;
; Optimization Technique                                                     ; Balanced           ; Balanced           ;
; Carry Chain Length                                                         ; 70                 ; 70                 ;
; Auto Carry Chains                                                          ; On                 ; On                 ;
; Auto Open-Drain Pins                                                       ; On                 ; On                 ;
; Perform WYSIWYG Primitive Resynthesis                                      ; Off                ; Off                ;
; Auto ROM Replacement                                                       ; On                 ; On                 ;
; Auto RAM Replacement                                                       ; On                 ; On                 ;
; Auto DSP Block Replacement                                                 ; On                 ; On                 ;
; Auto Shift Register Replacement                                            ; Auto               ; Auto               ;
; Allow Shift Register Merging across Hierarchies                            ; Auto               ; Auto               ;
; Auto Clock Enable Replacement                                              ; On                 ; On                 ;
; Strict RAM Replacement                                                     ; Off                ; Off                ;
; Allow Synchronous Control Signals                                          ; On                 ; On                 ;
; Force Use of Synchronous Clear Signals                                     ; Off                ; Off                ;
; Auto RAM Block Balancing                                                   ; On                 ; On                 ;
; Auto RAM to Logic Cell Conversion                                          ; Off                ; Off                ;
; Auto Resource Sharing                                                      ; Off                ; Off                ;
; Allow Any RAM Size For Recognition                                         ; Off                ; Off                ;
; Allow Any ROM Size For Recognition                                         ; Off                ; Off                ;
; Allow Any Shift Register Size For Recognition                              ; Off                ; Off                ;
; Use LogicLock Constraints during Resource Balancing                        ; On                 ; On                 ;
; Ignore translate_off and synthesis_off directives                          ; Off                ; Off                ;
; Timing-Driven Synthesis                                                    ; On                 ; On                 ;
; Report Parameter Settings                                                  ; On                 ; On                 ;
; Report Source Assignments                                                  ; On                 ; On                 ;
; Report Connectivity Checks                                                 ; On                 ; On                 ;
; Ignore Maximum Fan-Out Assignments                                         ; Off                ; Off                ;
; Synchronization Register Chain Length                                      ; 2                  ; 2                  ;
; PowerPlay Power Optimization                                               ; Normal compilation ; Normal compilation ;
; HDL message level                                                          ; Level2             ; Level2             ;
; Suppress Register Optimization Related Messages                            ; Off                ; Off                ;
; Number of Removed Registers Reported in Synthesis Report                   ; 5000               ; 5000               ;
; Number of Swept Nodes Reported in Synthesis Report                         ; 5000               ; 5000               ;
; Number of Inverted Registers Reported in Synthesis Report                  ; 100                ; 100                ;
; Clock MUX Protection                                                       ; On                 ; On                 ;
; Auto Gated Clock Conversion                                                ; Off                ; Off                ;
; Block Design Naming                                                        ; Auto               ; Auto               ;
; SDC constraint protection                                                  ; Off                ; Off                ;
; Synthesis Effort                                                           ; Auto               ; Auto               ;
; Shift Register Replacement - Allow Asynchronous Clear Signal               ; On                 ; On                 ;
; Pre-Mapping Resynthesis Optimization                                       ; Off                ; Off                ;
; Analysis & Synthesis Message Level                                         ; Medium             ; Medium             ;
; Disable Register Merging Across Hierarchies                                ; Auto               ; Auto               ;
; Resource Aware Inference For Block RAM                                     ; On                 ; On                 ;
; Synthesis Seed                                                             ; 1                  ; 1                  ;
+----------------------------------------------------------------------------+--------------------+--------------------+


Parallel compilation was disabled, but you have multiple processors available. Enable parallel compilation to reduce compilation time.
+-------------------------------------+
; Parallel Compilation                ;
+----------------------------+--------+
; Processors                 ; Number ;
+----------------------------+--------+
; Number detected on machine ; 12     ;
; Maximum allowed            ; 1      ;
+----------------------------+--------+


+---------------------------------------------------------------------------------------------------------------------------------------------------------------------------------------+
; Analysis & Synthesis Source Files Read                                                                                                                                                ;
+-----------------------------------+-----------------+-----------------+-----------------------------------------------------------------------------------------------------+---------+
; File Name with User-Entered Path  ; Used in Netlist ; File Type       ; File Name with Absolute Path                                                                        ; Library ;
+-----------------------------------+-----------------+-----------------+-----------------------------------------------------------------------------------------------------+---------+
; ../../src/B_imm_multiplexer.vhd   ; yes             ; User VHDL File  ; C:/Users/holge/OneDrive/AAU - Elektronik og IT/4. semester/P4/ifttt-cpu/src/B_imm_multiplexer.vhd   ;         ;
; ../../src/Register32x8.vhd        ; yes             ; User VHDL File  ; C:/Users/holge/OneDrive/AAU - Elektronik og IT/4. semester/P4/ifttt-cpu/src/Register32x8.vhd        ;         ;
; ../../src/PROGRAM_MEMORY.vhd      ; yes             ; User VHDL File  ; C:/Users/holge/OneDrive/AAU - Elektronik og IT/4. semester/P4/ifttt-cpu/src/PROGRAM_MEMORY.vhd      ;         ;
; ../../src/instruction_decoder.vhd ; yes             ; User VHDL File  ; C:/Users/holge/OneDrive/AAU - Elektronik og IT/4. semester/P4/ifttt-cpu/src/instruction_decoder.vhd ;         ;
; ../../src/InstrucReg.vhd          ; yes             ; User VHDL File  ; C:/Users/holge/OneDrive/AAU - Elektronik og IT/4. semester/P4/ifttt-cpu/src/InstrucReg.vhd          ;         ;
; ../../src/control_unit.vhd        ; yes             ; User VHDL File  ; C:/Users/holge/OneDrive/AAU - Elektronik og IT/4. semester/P4/ifttt-cpu/src/control_unit.vhd        ;         ;
; ../../src/constants.vhd           ; yes             ; User VHDL File  ; C:/Users/holge/OneDrive/AAU - Elektronik og IT/4. semester/P4/ifttt-cpu/src/constants.vhd           ;         ;
; ../../src/branch_control.vhd      ; yes             ; User VHDL File  ; C:/Users/holge/OneDrive/AAU - Elektronik og IT/4. semester/P4/ifttt-cpu/src/branch_control.vhd      ;         ;
; ../../src/ALU.vhd                 ; yes             ; User VHDL File  ; C:/Users/holge/OneDrive/AAU - Elektronik og IT/4. semester/P4/ifttt-cpu/src/ALU.vhd                 ;         ;
; ../../src/cpu_core.vhd            ; yes             ; User VHDL File  ; C:/Users/holge/OneDrive/AAU - Elektronik og IT/4. semester/P4/ifttt-cpu/src/cpu_core.vhd            ;         ;
+-----------------------------------+-----------------+-----------------+-----------------------------------------------------------------------------------------------------+---------+


+----------------------------------------------------------+
; Analysis & Synthesis Resource Usage Summary              ;
+---------------------------------------------+------------+
; Resource                                    ; Usage      ;
+---------------------------------------------+------------+
;                                             ;            ;
; Total combinational functions               ; 0          ;
; Logic element usage by number of LUT inputs ;            ;
;     -- 4 input functions                    ; 0          ;
;     -- 3 input functions                    ; 0          ;
;     -- <=2 input functions                  ; 0          ;
;                                             ;            ;
; Logic elements by mode                      ;            ;
;     -- normal mode                          ; 0          ;
;     -- arithmetic mode                      ; 0          ;
;                                             ;            ;
; Total registers                             ; 0          ;
;     -- Dedicated logic registers            ; 0          ;
;     -- I/O registers                        ; 0          ;
;                                             ;            ;
; I/O pins                                    ; 11         ;
; Embedded Multiplier 9-bit elements          ; 0          ;
; Maximum fan-out node                        ; i_CORE_CLK ;
; Maximum fan-out                             ; 1          ;
; Total fan-out                               ; 11         ;
; Average fan-out                             ; 0.50       ;
+---------------------------------------------+------------+


+-----------------------------------------------------------------------------------------------------------------------------------------------------------------------------+
; Analysis & Synthesis Resource Utilization by Entity                                                                                                                         ;
+----------------------------+-------------------+--------------+-------------+--------------+---------+-----------+------+--------------+---------------------+--------------+
; Compilation Hierarchy Node ; LC Combinationals ; LC Registers ; Memory Bits ; DSP Elements ; DSP 9x9 ; DSP 18x18 ; Pins ; Virtual Pins ; Full Hierarchy Name ; Library Name ;
+----------------------------+-------------------+--------------+-------------+--------------+---------+-----------+------+--------------+---------------------+--------------+
; |cpu_core                  ; 0 (0)             ; 0 (0)        ; 0           ; 0            ; 0       ; 0         ; 11   ; 0            ; |cpu_core           ; work         ;
+----------------------------+-------------------+--------------+-------------+--------------+---------+-----------+------+--------------+---------------------+--------------+
Note: For table entries with two numbers listed, the numbers in parentheses indicate the number of resources of the given type used by the specific entity alone. The numbers listed outside of parentheses indicate the total resources of the given type used by the specific entity and all of its sub-entities in the hierarchy.


+------------------------------------------------------+
; General Register Statistics                          ;
+----------------------------------------------+-------+
; Statistic                                    ; Value ;
+----------------------------------------------+-------+
; Total registers                              ; 0     ;
; Number of registers using Synchronous Clear  ; 0     ;
; Number of registers using Synchronous Load   ; 0     ;
; Number of registers using Asynchronous Clear ; 0     ;
; Number of registers using Asynchronous Load  ; 0     ;
; Number of registers using Clock Enable       ; 0     ;
; Number of registers using Preset             ; 0     ;
+----------------------------------------------+-------+


+---------------------------------------------------------------------------------------------------------------------+
; Port Connectivity Checks: "branch_control:INST_branch_control"                                                      ;
+-----------+--------+----------+-------------------------------------------------------------------------------------+
; Port      ; Type   ; Severity ; Details                                                                             ;
+-----------+--------+----------+-------------------------------------------------------------------------------------+
; o_address ; Output ; Info     ; Connected to dangling logic. Logic that only feeds a dangling port will be removed. ;
; o_pc_load ; Output ; Info     ; Connected to dangling logic. Logic that only feeds a dangling port will be removed. ;
+-----------+--------+----------+-------------------------------------------------------------------------------------+


+-------------------------------------------------------------------------------------------------------------------------+
; Port Connectivity Checks: "control_unit:INST_control_unit"                                                              ;
+---------------+--------+----------+-------------------------------------------------------------------------------------+
; Port          ; Type   ; Severity ; Details                                                                             ;
+---------------+--------+----------+-------------------------------------------------------------------------------------+
; o_state[6..4] ; Output ; Info     ; Connected to dangling logic. Logic that only feeds a dangling port will be removed. ;
+---------------+--------+----------+-------------------------------------------------------------------------------------+


+-------------------------------------------------------------------------------------------------------------------------+
; Port Connectivity Checks: "instruction_decoder:INST_instruction_decoder"                                                ;
+---------------+--------+----------+-------------------------------------------------------------------------------------+
; Port          ; Type   ; Severity ; Details                                                                             ;
+---------------+--------+----------+-------------------------------------------------------------------------------------+
; o_address_mem ; Output ; Info     ; Connected to dangling logic. Logic that only feeds a dangling port will be removed. ;
+---------------+--------+----------+-------------------------------------------------------------------------------------+


+-------------------------------+
; Elapsed Time Per Partition    ;
+----------------+--------------+
; Partition Name ; Elapsed Time ;
+----------------+--------------+
; Top            ; 00:00:00     ;
+----------------+--------------+


+-------------------------------+
; Analysis & Synthesis Messages ;
+-------------------------------+
Info: *******************************************************************
Info: Running Quartus II 64-Bit Analysis & Synthesis
    Info: Version 13.1.4 Build 182 03/12/2014 SJ Web Edition
    Info: Processing started: Mon Apr 15 16:19:26 2019
Info: Command: quartus_map --read_settings_files=on --write_settings_files=off cpu_core -c cpu_core
Warning (20028): Parallel compilation is not licensed and has been disabled
Info (12021): Found 2 design units, including 1 entities, in source file /users/holge/onedrive/aau - elektronik og it/4. semester/p4/ifttt-cpu/src/b_imm_multiplexer.vhd
    Info (12022): Found design unit 1: B_imm_multiplexer-Behavioral
    Info (12023): Found entity 1: B_imm_multiplexer
Info (12021): Found 2 design units, including 1 entities, in source file /users/holge/onedrive/aau - elektronik og it/4. semester/p4/ifttt-cpu/src/register32x8.vhd
    Info (12022): Found design unit 1: register32x8-behaviour
    Info (12023): Found entity 1: register32x8
Info (12021): Found 2 design units, including 1 entities, in source file /users/holge/onedrive/aau - elektronik og it/4. semester/p4/ifttt-cpu/src/program_memory.vhd
    Info (12022): Found design unit 1: PROGRAM_MEMORY-Behavioral
    Info (12023): Found entity 1: PROGRAM_MEMORY
Info (12021): Found 2 design units, including 1 entities, in source file /users/holge/onedrive/aau - elektronik og it/4. semester/p4/ifttt-cpu/src/program_counter.vhd
    Info (12022): Found design unit 1: Program_counter-Behavioral
    Info (12023): Found entity 1: Program_counter
Info (12021): Found 2 design units, including 1 entities, in source file /users/holge/onedrive/aau - elektronik og it/4. semester/p4/ifttt-cpu/src/multiplex.vhd
    Info (12022): Found design unit 1: multiplex-RTL
    Info (12023): Found entity 1: multiplex
Info (12021): Found 2 design units, including 1 entities, in source file /users/holge/onedrive/aau - elektronik og it/4. semester/p4/ifttt-cpu/src/instruction_decoder.vhd
    Info (12022): Found design unit 1: instruction_decoder-Behavioral
    Info (12023): Found entity 1: instruction_decoder
Info (12021): Found 2 design units, including 1 entities, in source file /users/holge/onedrive/aau - elektronik og it/4. semester/p4/ifttt-cpu/src/instrucreg.vhd
    Info (12022): Found design unit 1: InstrucReg-behaviour
    Info (12023): Found entity 1: InstrucReg
Info (12021): Found 2 design units, including 1 entities, in source file /users/holge/onedrive/aau - elektronik og it/4. semester/p4/ifttt-cpu/src/data_ram.vhd
    Info (12022): Found design unit 1: DATA_RAM-Behavioral
    Info (12023): Found entity 1: DATA_RAM
Info (12021): Found 2 design units, including 1 entities, in source file /users/holge/onedrive/aau - elektronik og it/4. semester/p4/ifttt-cpu/src/control_unit.vhd
    Info (12022): Found design unit 1: control_unit-Behavioral
    Info (12023): Found entity 1: control_unit
Info (12021): Found 2 design units, including 0 entities, in source file /users/holge/onedrive/aau - elektronik og it/4. semester/p4/ifttt-cpu/src/constants.vhd
    Info (12022): Found design unit 1: constants
    Info (12022): Found design unit 2: constants-body
Info (12021): Found 2 design units, including 1 entities, in source file /users/holge/onedrive/aau - elektronik og it/4. semester/p4/ifttt-cpu/src/branch_control.vhd
    Info (12022): Found design unit 1: branch_control-Behavioral
    Info (12023): Found entity 1: branch_control
Info (12021): Found 2 design units, including 1 entities, in source file /users/holge/onedrive/aau - elektronik og it/4. semester/p4/ifttt-cpu/src/alu.vhd
    Info (12022): Found design unit 1: ALU-Behavioral
    Info (12023): Found entity 1: ALU
Info (12021): Found 2 design units, including 1 entities, in source file /users/holge/onedrive/aau - elektronik og it/4. semester/p4/ifttt-cpu/src/cpu_core.vhd
    Info (12022): Found design unit 1: cpu_core-behavior
    Info (12023): Found entity 1: cpu_core
Info (12021): Found 2 design units, including 1 entities, in source file /users/holge/onedrive/aau - elektronik og it/4. semester/p4/ifttt-cpu/test_benches/cpu_core_tb.vhd
    Info (12022): Found design unit 1: cpu_core_tb-behavior
    Info (12023): Found entity 1: cpu_core_tb
Info (12127): Elaborating entity "cpu_core" for the top level hierarchy
Warning (10036): Verilog HDL or VHDL warning at cpu_core.vhd(131): object "w_Address_MEM" assigned a value but never read
Warning (10036): Verilog HDL or VHDL warning at cpu_core.vhd(140): object "w_BRANCH_ADDRESS" assigned a value but never read
Warning (10036): Verilog HDL or VHDL warning at cpu_core.vhd(141): object "w_PC_LOAD" assigned a value but never read
Info (12128): Elaborating entity "PROGRAM_MEMORY" for hierarchy "PROGRAM_MEMORY:INST_PROGRAM_MEMORY"
Info (12128): Elaborating entity "InstrucReg" for hierarchy "InstrucReg:INST_InstrucReg"
Info (12128): Elaborating entity "instruction_decoder" for hierarchy "instruction_decoder:INST_instruction_decoder"
Info (12128): Elaborating entity "control_unit" for hierarchy "control_unit:INST_control_unit"
Info (12128): Elaborating entity "register32x8" for hierarchy "register32x8:INST_GPR"
Info (12128): Elaborating entity "B_imm_multiplexer" for hierarchy "B_imm_multiplexer:INST_B_imm_multiplexer"
Info (12128): Elaborating entity "ALU" for hierarchy "ALU:INST_ALU"
Info (12128): Elaborating entity "branch_control" for hierarchy "branch_control:INST_branch_control"
Info (16010): Generating hard_block partition "hard_block:auto_generated_inst"
    Info (16011): Adding 0 node(s), including 0 DDIO, 0 PLL, 0 transceiver and 0 LCELL
Warning (21074): Design contains 11 input pin(s) that do not drive logic
    Warning (15610): No output dependent on input pin "i_CORE_CLK"
    Warning (15610): No output dependent on input pin "i_CORE_RESET"
    Warning (15610): No output dependent on input pin "i_CORE_HALT"
    Warning (15610): No output dependent on input pin "i_PROG_ADDRESS[0]"
    Warning (15610): No output dependent on input pin "i_PROG_ADDRESS[1]"
    Warning (15610): No output dependent on input pin "i_PROG_ADDRESS[2]"
    Warning (15610): No output dependent on input pin "i_PROG_ADDRESS[3]"
    Warning (15610): No output dependent on input pin "i_PROG_ADDRESS[4]"
    Warning (15610): No output dependent on input pin "i_PROG_ADDRESS[5]"
    Warning (15610): No output dependent on input pin "i_PROG_ADDRESS[6]"
    Warning (15610): No output dependent on input pin "i_PROG_ADDRESS[7]"
Info (21057): Implemented 11 device resources after synthesis - the final resource count might be different
    Info (21058): Implemented 11 input pins
    Info (21059): Implemented 0 output pins
Info: Quartus II 64-Bit Analysis & Synthesis was successful. 0 errors, 16 warnings
    Info: Peak virtual memory: 4688 megabytes
    Info: Processing ended: Mon Apr 15 16:19:27 2019
    Info: Elapsed time: 00:00:01
    Info: Total CPU time (on all processors): 00:00:01


