Flow report for ifttt_top_level
Mon May 20 14:07:05 2019
Quartus II 64-Bit Version 13.1.4 Build 182 03/12/2014 SJ Web Edition


---------------------
; Table of Contents ;
---------------------
  1. Legal Notice
  2. Flow Summary
  3. Flow Settings
  4. Flow Non-Default Global Settings
  5. Flow Elapsed Time
  6. Flow OS Summary
  7. Flow Log
  8. Flow Messages
  9. Flow Suppressed Messages



----------------
; Legal Notice ;
----------------
Copyright (C) 1991-2014 Altera Corporation
Your use of Altera Corporation's design tools, logic functions 
and other software and tools, and its AMPP partner logic 
functions, and any output files from any of the foregoing 
(including device programming or simulation files), and any 
associated documentation or information are expressly subject 
to the terms and conditions of the Altera Program License 
Subscription Agreement, Altera MegaCore Function License 
Agreement, or other applicable license agreement, including, 
without limitation, that your use is for the sole purpose of 
programming logic devices manufactured by Altera and sold by 
Altera or its authorized distributors.  Please refer to the 
applicable agreement for further details.



+---------------------------------------------------------------------------------+
; Flow Summary                                                                    ;
+------------------------------------+--------------------------------------------+
; Flow Status                        ; Successful - Mon May 20 14:07:05 2019      ;
; Quartus II 64-Bit Version          ; 13.1.4 Build 182 03/12/2014 SJ Web Edition ;
; Revision Name                      ; ifttt_top_level                            ;
; Top-level Entity Name              ; ifttt_top_level                            ;
; Family                             ; Cyclone III                                ;
; Device                             ; EP3C16F484C6                               ;
; Timing Models                      ; Final                                      ;
; Total logic elements               ; 1,983 / 15,408 ( 13 % )                    ;
;     Total combinational functions  ; 1,675 / 15,408 ( 11 % )                    ;
;     Dedicated logic registers      ; 1,107 / 15,408 ( 7 % )                     ;
; Total registers                    ; 1107                                       ;
; Total pins                         ; 96 / 347 ( 28 % )                          ;
; Total virtual pins                 ; 0                                          ;
; Total memory bits                  ; 164,352 / 516,096 ( 32 % )                 ;
; Embedded Multiplier 9-bit elements ; 0 / 112 ( 0 % )                            ;
; Total PLLs                         ; 0 / 4 ( 0 % )                              ;
+------------------------------------+--------------------------------------------+


+-----------------------------------------+
; Flow Settings                           ;
+-------------------+---------------------+
; Option            ; Setting             ;
+-------------------+---------------------+
; Start date & time ; 05/20/2019 14:06:05 ;
; Main task         ; Compilation         ;
; Revision Name     ; ifttt_top_level     ;
+-------------------+---------------------+


+---------------------------------------------------------------------------------------------------------------------------------------------+
; Flow Non-Default Global Settings                                                                                                            ;
+--------------------------------------+---------------------------------------------------+---------------+-------------+--------------------+
; Assignment Name                      ; Value                                             ; Default Value ; Entity Name ; Section Id         ;
+--------------------------------------+---------------------------------------------------+---------------+-------------+--------------------+
; COMPILER_SIGNATURE_ID                ; 172309000256012.155835396506832                   ; --            ; --          ; --                 ;
; EDA_DESIGN_INSTANCE_NAME             ; NA                                                ; --            ; --          ; ifttt_top_level_tb ;
; EDA_NATIVELINK_SIMULATION_TEST_BENCH ; ifttt_top_level_tb                                ; --            ; --          ; eda_simulation     ;
; EDA_OUTPUT_DATA_FORMAT               ; Vhdl                                              ; --            ; --          ; eda_simulation     ;
; EDA_SIMULATION_TOOL                  ; ModelSim-Altera (VHDL)                            ; <None>        ; --          ; --                 ;
; EDA_TEST_BENCH_ENABLE_STATUS         ; TEST_BENCH_MODE                                   ; --            ; --          ; eda_simulation     ;
; EDA_TEST_BENCH_FILE                  ; ../../toplevel/testbenches/ifttt_top_level_tb.vhd ; --            ; --          ; ifttt_top_level_tb ;
; EDA_TEST_BENCH_MODULE_NAME           ; ifttt_top_level_tb                                ; --            ; --          ; ifttt_top_level_tb ;
; EDA_TEST_BENCH_NAME                  ; ifttt_top_level_tb                                ; --            ; --          ; eda_simulation     ;
; EDA_TEST_BENCH_RUN_SIM_FOR           ; 1 us                                              ; --            ; --          ; ifttt_top_level_tb ;
; IP_TOOL_NAME                         ; ROM: 1-PORT                                       ; --            ; --          ; --                 ;
; IP_TOOL_VERSION                      ; 13.1                                              ; --            ; --          ; --                 ;
; MAX_CORE_JUNCTION_TEMP               ; 85                                                ; --            ; --          ; --                 ;
; MIN_CORE_JUNCTION_TEMP               ; 0                                                 ; --            ; --          ; --                 ;
; MISC_FILE                            ; mega_prog_mem_inst.vhd                            ; --            ; --          ; --                 ;
; MISC_FILE                            ; mega_prog_mem.cmp                                 ; --            ; --          ; --                 ;
; PARTITION_COLOR                      ; 16764057                                          ; --            ; --          ; Top                ;
; PARTITION_FITTER_PRESERVATION_LEVEL  ; PLACEMENT_AND_ROUTING                             ; --            ; --          ; Top                ;
; PARTITION_NETLIST_TYPE               ; SOURCE                                            ; --            ; --          ; Top                ;
; POWER_BOARD_THERMAL_MODEL            ; None (CONSERVATIVE)                               ; --            ; --          ; --                 ;
; POWER_PRESET_COOLING_SOLUTION        ; 23 MM HEAT SINK WITH 200 LFPM AIRFLOW             ; --            ; --          ; --                 ;
; PROJECT_OUTPUT_DIRECTORY             ; output_files                                      ; --            ; --          ; --                 ;
; VHDL_INPUT_VERSION                   ; VHDL_2008                                         ; VHDL_1993     ; --          ; --                 ;
; VHDL_SHOW_LMF_MAPPING_MESSAGES       ; Off                                               ; --            ; --          ; --                 ;
+--------------------------------------+---------------------------------------------------+---------------+-------------+--------------------+


+-------------------------------------------------------------------------------------------------------------------------------+
; Flow Elapsed Time                                                                                                             ;
+---------------------------+--------------+-------------------------+---------------------+------------------------------------+
; Module Name               ; Elapsed Time ; Average Processors Used ; Peak Virtual Memory ; Total CPU Time (on all processors) ;
+---------------------------+--------------+-------------------------+---------------------+------------------------------------+
; Analysis & Synthesis      ; 00:00:14     ; 1.0                     ; 4712 MB             ; 00:00:13                           ;
; Fitter                    ; 00:00:22     ; 1.0                     ; 5005 MB             ; 00:00:18                           ;
; Assembler                 ; 00:00:03     ; 1.0                     ; 4608 MB             ; 00:00:02                           ;
; TimeQuest Timing Analyzer ; 00:00:05     ; 1.0                     ; 4672 MB             ; 00:00:05                           ;
; EDA Netlist Writer        ; 00:00:06     ; 1.0                     ; 4592 MB             ; 00:00:04                           ;
; Total                     ; 00:00:50     ; --                      ; --                  ; 00:00:42                           ;
+---------------------------+--------------+-------------------------+---------------------+------------------------------------+


+----------------------------------------------------------------------------------------+
; Flow OS Summary                                                                        ;
+---------------------------+------------------+-----------+------------+----------------+
; Module Name               ; Machine Hostname ; OS Name   ; OS Version ; Processor type ;
+---------------------------+------------------+-----------+------------+----------------+
; Analysis & Synthesis      ; HSB-XPS15        ; Windows 7 ; 6.2        ; x86_64         ;
; Fitter                    ; HSB-XPS15        ; Windows 7 ; 6.2        ; x86_64         ;
; Assembler                 ; HSB-XPS15        ; Windows 7 ; 6.2        ; x86_64         ;
; TimeQuest Timing Analyzer ; HSB-XPS15        ; Windows 7 ; 6.2        ; x86_64         ;
; EDA Netlist Writer        ; HSB-XPS15        ; Windows 7 ; 6.2        ; x86_64         ;
+---------------------------+------------------+-----------+------------+----------------+


------------
; Flow Log ;
------------
quartus_map --read_settings_files=on --write_settings_files=off ifttt_top_level -c ifttt_top_level
quartus_fit --read_settings_files=off --write_settings_files=off ifttt_top_level -c ifttt_top_level
quartus_asm --read_settings_files=off --write_settings_files=off ifttt_top_level -c ifttt_top_level
quartus_sta ifttt_top_level -c ifttt_top_level
quartus_eda --read_settings_files=off --write_settings_files=off ifttt_top_level -c ifttt_top_level



